[2026-04-08T20:15:12.601Z] POST /user/login | 200 | 110ms
[2026-04-09T05:26:16.281Z] POST /user/signup | 500 | 95ms
[2026-04-09T05:26:26.593Z] POST /user/signup | 400 | 10ms
[2026-04-09T05:26:41.971Z] POST /user/login | 200 | 104ms
[2026-04-09T05:28:49.334Z] POST /user/login | 200 | 105ms
[2026-04-09T05:29:07.089Z] GET /question/NDA2024GAT01 | 304 | 15ms
[2026-05-02T10:33:49.312Z] GET /question/NDA2024GAT01 | 500 | 10005ms
[2026-05-02T10:33:59.321Z] GET /question/NDA2024GAT01 | 500 | 10008ms
[2026-05-02T10:34:16.835Z] GET /question/NDA2024GAT01 | 500 | 10006ms
[2026-05-02T10:34:26.843Z] GET /question/NDA2024GAT01 | 500 | 10005ms
[2026-05-02T10:37:15.823Z] GET /question/NDA2024GAT01 | 200 | 22ms
[2026-05-02T10:38:10.990Z] GET /question/AFCAT2024GK01 | 200 | 7ms
[2026-05-02T18:55:31.212Z] POST /user/login | 200 | 9ms
[2026-05-02T18:55:59.686Z] POST /user/login | 500 | 10018ms
[2026-05-02T18:57:51.687Z] POST /user/login | 200 | 114ms
[2026-05-02T19:31:34.033Z] POST /user/login | 200 | 113ms
[2026-05-02T19:31:46.529Z] GET /question/NDA2024GAT01 | 200 | 10ms
[2026-05-02T19:31:46.535Z] GET /question/NDA2024GAT01 | 304 | 5ms
[2026-05-02T19:32:11.393Z] POST /result/add | 404 | 2ms
[2026-05-02T19:32:11.397Z] POST /result/add | 404 | 2ms
[2026-05-02T19:33:08.967Z] GET /question/NDA2024GAT01 | 304 | 13ms
[2026-05-02T19:33:08.971Z] GET /question/NDA2024GAT01 | 304 | 3ms
[2026-05-02T19:33:15.372Z] POST /results/add | 500 | 4ms
[2026-05-02T19:33:15.373Z] POST /results/add | 500 | 4ms
[2026-05-02T19:36:21.779Z] POST /results/add | 403 | 6ms
[2026-05-02T19:36:21.784Z] POST /results/add | 403 | 1ms
[2026-05-02T19:36:38.539Z] GET /question/NDA2024GAT01 | 304 | 21ms
[2026-05-02T19:36:38.545Z] GET /question/NDA2024GAT01 | 304 | 4ms
[2026-05-02T19:36:43.433Z] POST /results/add | 403 | 1ms
[2026-05-02T19:36:43.437Z] POST /results/add | 403 | 1ms
[2026-05-02T19:37:12.851Z] POST /user/login | 200 | 107ms
[2026-05-02T19:37:19.048Z] GET /question/NDA2024GAT01 | 304 | 4ms
[2026-05-02T19:37:19.055Z] GET /question/NDA2024GAT01 | 304 | 5ms
[2026-05-02T19:37:22.160Z] POST /results/add | 403 | 1ms
[2026-05-02T19:37:22.162Z] POST /results/add | 403 | 1ms
[2026-05-02T19:38:16.460Z] GET /question/NDA2024GAT01 | 304 | 15ms
[2026-05-02T19:38:16.464Z] GET /question/NDA2024GAT01 | 304 | 2ms
[2026-05-02T19:39:42.932Z] GET /question/NDA2024GAT01 | 304 | 10ms
[2026-05-02T19:39:42.943Z] GET /question/NDA2024GAT01 | 304 | 8ms
[2026-05-02T20:06:37.436Z] POST /user/login | 200 | 145ms
[2026-05-02T20:06:55.690Z] GET /question/NDA2024GAT01 | 304 | 19ms
[2026-05-05T04:39:19.625Z] POST /user/login | 200 | 110ms
[2026-05-05T04:40:05.345Z] POST /user/login | 200 | 76ms
